0 info it worked if it ends with ok
1 verbose cli [ 'C:\\Program Files\\nodejs\\node.exe',
1 verbose cli   'C:\\Program Files\\nodejs\\node_modules\\npm\\bin\\npm-cli.js',
1 verbose cli   'run',
1 verbose cli   'tsc' ]
2 info using npm@3.10.3
3 info using node@v6.3.1
4 verbose run-script [ 'pretsc', 'tsc', 'posttsc' ]
5 info lifecycle lock_control@1.0.0~pretsc: lock_control@1.0.0
6 silly lifecycle lock_control@1.0.0~pretsc: no script for pretsc, continuing
7 info lifecycle lock_control@1.0.0~tsc: lock_control@1.0.0
8 verbose lifecycle lock_control@1.0.0~tsc: unsafe-perm in lifecycle true
9 verbose lifecycle lock_control@1.0.0~tsc: PATH: C:\Program Files\nodejs\node_modules\npm\bin\node-gyp-bin;C:\Users\Danielu\Documents\AngularJS\mean-ang2\client\node_modules\.bin;C:\Program Files\nodejs;C:\Users\Danielu\bin;C:\Program Files\Git\mingw64\bin;C:\Program Files\Git\usr\local\bin;C:\Program Files\Git\usr\bin;C:\Program Files\Git\usr\bin;C:\Program Files\Git\mingw64\bin;C:\Program Files\Git\usr\bin;C:\Users\Danielu\bin;C:\ProgramData\Oracle\Java\javapath;C:\WinAVR-20100110\bin;C:\WinAVR-20100110\utils\bin;C:\Program Files\Common Files\Microsoft Shared\Windows Live;C:\Program Files (x86)\Common Files\Microsoft Shared\Windows Live;C:\Program Files\Microsoft HPC Pack 2008 R2\Bin;C:\Program Files (x86)\AMD APP\bin\x86_64;C:\Program Files (x86)\AMD APP\bin\x86;C:\Windows\system32;C:\Windows;C:\Windows\System32\Wbem;C:\Windows\System32\WindowsPowerShell\v1.0;C:\Program Files (x86)\ATI Technologies\ATI.ACE\Core-Static;C:\Program Files (x86)\Skype\Phone;C:\Program Files (x86)\Windows Live\Shared;C:\Program Files (x86)\QuickTime\QTSystem;C:\Program Files (x86)\SMLNJ\bin;C:\Program Files\Microsoft SQL Server\110\Tools\Binn;C:\Program Files\apache-maven-3.3.9\bin;C:\Program Files\Java\jdk1.8.0_77\bin;C:\Program Files\MATLAB\R2013a\runtime\win64;C:\Program Files\MATLAB\R2013a\bin;C:\Program Files (x86)\scala\bin;C:\Users\Danielu\Documents\SCALA\activator-1.3.10-minimal\bin;C:\Program Files\Calibre2;C:\Program Files\nodejs;C:\Users\Danielu\AppData\Roaming\npm;C:\Program Files\Git\usr\bin\vendor_perl;C:\Program Files\Git\usr\bin\core_perl
10 verbose lifecycle lock_control@1.0.0~tsc: CWD: C:\Users\Danielu\Documents\AngularJS\mean-ang2\client
11 silly lifecycle lock_control@1.0.0~tsc: Args: [ '/d /s /c', 'tsc' ]
12 silly lifecycle lock_control@1.0.0~tsc: Returned: code: 2  signal: null
13 info lifecycle lock_control@1.0.0~tsc: Failed to exec tsc script
14 verbose stack Error: lock_control@1.0.0 tsc: `tsc`
14 verbose stack Exit status 2
14 verbose stack     at EventEmitter.<anonymous> (C:\Program Files\nodejs\node_modules\npm\lib\utils\lifecycle.js:242:16)
14 verbose stack     at emitTwo (events.js:106:13)
14 verbose stack     at EventEmitter.emit (events.js:191:7)
14 verbose stack     at ChildProcess.<anonymous> (C:\Program Files\nodejs\node_modules\npm\lib\utils\spawn.js:40:14)
14 verbose stack     at emitTwo (events.js:106:13)
14 verbose stack     at ChildProcess.emit (events.js:191:7)
14 verbose stack     at maybeClose (internal/child_process.js:852:16)
14 verbose stack     at Process.ChildProcess._handle.onexit (internal/child_process.js:215:5)
15 verbose pkgid lock_control@1.0.0
16 verbose cwd C:\Users\Danielu\Documents\AngularJS\mean-ang2\client
17 error Windows_NT 6.1.7601
18 error argv "C:\\Program Files\\nodejs\\node.exe" "C:\\Program Files\\nodejs\\node_modules\\npm\\bin\\npm-cli.js" "run" "tsc"
19 error node v6.3.1
20 error npm  v3.10.3
21 error code ELIFECYCLE
22 error lock_control@1.0.0 tsc: `tsc`
22 error Exit status 2
23 error Failed at the lock_control@1.0.0 tsc script 'tsc'.
23 error Make sure you have the latest version of node.js and npm installed.
23 error If you do, this is most likely a problem with the lock_control package,
23 error not with npm itself.
23 error Tell the author that this fails on your system:
23 error     tsc
23 error You can get information on how to open an issue for this project with:
23 error     npm bugs lock_control
23 error Or if that isn't available, you can get their info via:
23 error     npm owner ls lock_control
23 error There is likely additional logging output above.
24 verbose exit [ 1, true ]
